#
# A fatal error has been detected by the Java Runtime Environment:
#
#  EXCEPTION_ACCESS_VIOLATION (0xc0000005) at pc=0x00007ffe74eb78b0, pid=8812, tid=0x000000000000397c
#
# JRE version: Java(TM) SE Runtime Environment (8.0_202-b08) (build 1.8.0_202-b08)
# Java VM: Java HotSpot(TM) 64-Bit Server VM (25.202-b08 mixed mode windows-amd64 compressed oops)
# Problematic frame:
# C  [glass.dll+0x278b0]
#
# Failed to write core dump. Minidumps are not enabled by default on client versions of Windows
#
# If you would like to submit a bug report, please visit:
#   http://bugreport.java.com/bugreport/crash.jsp
#

---------------  T H R E A D  ---------------

Current thread (0x0000000008c99000):  VMThread [stack: 0x000000000a970000,0x000000000aa70000] [id=14716]

siginfo: ExceptionCode=0xc0000005, reading address 0x0000000000000000

Registers:
RAX=0x0000000000000000, RBX=0x0000000025ec3d40, RCX=0x0000000008c99000, RDX=0x00000000649d24e8
RSP=0x000000000aa6efa0, RBP=0x0000000000db5998, RSI=0x0000000000db5970, RDI=0x0000b5b33f304807
R8 =0x0000000000010002, R9 =0x0000b5b33f304807, R10=0x0000000000991050, R11=0x0000000000d82ce0
R12=0x00007ffe74eb48dc, R13=0x0000000002d71658, R14=0x000000000aa6f0a8, R15=0x0000000000db5970
RIP=0x00007ffe74eb78b0, EFLAGS=0x0000000000010202

Top of Stack: (sp=0x000000000aa6efa0)
0x000000000aa6efa0:   0000000000000000 00007ffe99b6df7b
0x000000000aa6efb0:   0000000000db5980 0000000000000000
0x000000000aa6efc0:   fffffffffffffffe 00007ffe74eb48dc
0x000000000aa6efd0:   0000000000db5978 00007ffe99b73506
0x000000000aa6efe0:   0000c9029662526e 0000000000000000
0x000000000aa6eff0:   0000000000db5998 0000000000db5970
0x000000000aa6f000:   fffffffffffffffe 0000000000000001
0x000000000aa6f010:   0000000000000001 00007ffe74e90000
0x000000000aa6f020:   000000000aa6f098 00007ffe99b7342b
0x000000000aa6f030:   0000000000000000 000000000aa6f0a8
0x000000000aa6f040:   0000000008b25400 00007ffe99c4d130
0x000000000aa6f050:   0000000000000000 00007ffe99b733e4
0x000000000aa6f060:   0000000000000000 0000000000000001
0x000000000aa6f070:   00007ffe0000000d 000000000aa6f098
0x000000000aa6f080:   0000000000000000 00007ffe74eb4752
0x000000000aa6f090:   00007ffe74ecf108 0000000000000002 

Instructions: (pc=0x00007ffe74eb78b0)
0x00007ffe74eb7890:   40 53 48 83 ec 30 48 c7 44 24 20 fe ff ff ff 48
0x00007ffe74eb78a0:   8b 1d 7a 72 01 00 48 85 db 74 16 e8 00 81 ff ff
0x00007ffe74eb78b0:   4c 8b 00 48 8b d3 48 8b c8 41 ff 90 b0 00 00 00
0x00007ffe74eb78c0:   90 48 83 c4 30 5b c3 cc cc cc cc cc cc cc cc cc 


Register to memory mapping:

RAX=0x0000000000000000 is an unknown value
RBX=0x0000000025ec3d40 is a global jni handle
RCX=0x0000000008c99000 is an unknown value
RDX=0x00000000649d24e8 is an unknown value
RSP=0x000000000aa6efa0 is an unknown value
RBP=0x0000000000db5998 is an unknown value
RSI=0x0000000000db5970 is an unknown value
RDI=0x0000b5b33f304807 is an unknown value
R8 =0x0000000000010002 is an unknown value
R9 =0x0000b5b33f304807 is an unknown value
R10=0x0000000000991050 is an unknown value
R11=0x0000000000d82ce0 is an unknown value
R12=0x00007ffe74eb48dc is an unknown value
R13=0x0000000002d71658 is an unknown value
R14=0x000000000aa6f0a8 is an unknown value
R15=0x0000000000db5970 is an unknown value


Stack: [0x000000000a970000,0x000000000aa70000],  sp=0x000000000aa6efa0,  free space=1019k
Native frames: (J=compiled Java code, j=interpreted, Vv=VM code, C=native code)
C  [glass.dll+0x278b0]
C  [ucrtbase.dll+0x13506]
C  [ucrtbase.dll+0x1342b]
C  [ucrtbase.dll+0x133e4]
C  [glass.dll+0x24752]
C  [glass.dll+0x24850]
C  [ntdll.dll+0x48f07]
C  [ntdll.dll+0x435bc]
C  [ntdll.dll+0x66dad]
C  [KERNEL32.DLL+0x1d05a]
C  [msvcr100.dll+0x20ccd]
V  [jvm.dll+0x214045]
V  [jvm.dll+0x24d5d7]
V  [jvm.dll+0x24c876]
V  [jvm.dll+0x24cd11]
V  [jvm.dll+0x24cf2e]
V  [jvm.dll+0x29fc6a]
C  [msvcr100.dll+0x21d9f]
C  [msvcr100.dll+0x21e3b]
C  [KERNEL32.DLL+0x17e94]
C  [ntdll.dll+0x6a251]

VM_Operation (0x000000000c6e64d0): Exit, mode: safepoint, requested by thread 0x000000000b9dc000


---------------  P R O C E S S  ---------------

Java Threads: ( => current thread )
  0x000000000c0ed000 JavaThread "Java2D Disposer" daemon [_thread_blocked, id=12484, stack(0x00000000277b0000,0x00000000278b0000)]
  0x000000000bd0d800 JavaThread "Prism Font Disposer" daemon [_thread_blocked, id=7612, stack(0x000000001fd80000,0x000000001fe80000)]
  0x000000000bab8800 JavaThread "Thread-3" daemon [_thread_in_native, id=14520, stack(0x000000000e770000,0x000000000e870000)]
  0x000000000bb06800 JavaThread "JavaFX-Launcher" [_thread_blocked, id=14188, stack(0x000000000e870000,0x000000000e970000)]
  0x000000000b9dc000 JavaThread "JavaFX Application Thread" [_thread_blocked, id=13264, stack(0x000000000c5f0000,0x000000000c6f0000)]
  0x000000000b9f8800 JavaThread "Thread-1" daemon [_thread_blocked, id=452, stack(0x000000000c4f0000,0x000000000c5f0000)]
  0x000000000b9d0000 JavaThread "QuantumRenderer-0" daemon [_thread_blocked, id=14624, stack(0x000000000c230000,0x000000000c330000)]
  0x000000000ab44000 JavaThread "Service Thread" daemon [_thread_blocked, id=7600, stack(0x000000000b770000,0x000000000b870000)]
  0x000000000aab4000 JavaThread "C1 CompilerThread3" daemon [_thread_blocked, id=10928, stack(0x000000000b670000,0x000000000b770000)]
  0x000000000aaad800 JavaThread "C2 CompilerThread2" daemon [_thread_blocked, id=7332, stack(0x000000000b570000,0x000000000b670000)]
  0x000000000aaa9800 JavaThread "C2 CompilerThread1" daemon [_thread_blocked, id=12388, stack(0x000000000b470000,0x000000000b570000)]
  0x000000000aaa7000 JavaThread "C2 CompilerThread0" daemon [_thread_blocked, id=1576, stack(0x000000000b370000,0x000000000b470000)]
  0x000000000aaa0000 JavaThread "Attach Listener" daemon [_thread_blocked, id=13524, stack(0x000000000b270000,0x000000000b370000)]
  0x000000000aa9f000 JavaThread "Signal Dispatcher" daemon [_thread_blocked, id=4492, stack(0x000000000b170000,0x000000000b270000)]
  0x000000000aa90800 JavaThread "Finalizer" daemon [_thread_blocked, id=9132, stack(0x000000000af70000,0x000000000b070000)]
  0x0000000002c77000 JavaThread "Reference Handler" daemon [_thread_blocked, id=9424, stack(0x000000000ae70000,0x000000000af70000)]
  0x0000000002b82800 JavaThread "main" [_thread_blocked, id=4796, stack(0x0000000002a10000,0x0000000002b10000)]

Other Threads:
=>0x0000000008c99000 VMThread [stack: 0x000000000a970000,0x000000000aa70000] [id=14716]

VM state:at safepoint (shutting down)

VM Mutex/Monitor currently owned by a thread:  ([mutex/lock_event])
[0x0000000002d7e400] Threads_lock - owner thread: 0x0000000008c99000

heap address: 0x0000000082200000, size: 2014 MB, Compressed Oops mode: 32-bit
Narrow klass base: 0x0000000000000000, Narrow klass shift: 3
Compressed class space size: 1073741824 Address: 0x0000000100000000

Heap:
 PSYoungGen      total 37888K, used 24344K [0x00000000d6100000, 0x00000000d8b00000, 0x0000000100000000)
  eden space 32768K, 74% used [0x00000000d6100000,0x00000000d78c61f0,0x00000000d8100000)
  from space 5120K, 0% used [0x00000000d8600000,0x00000000d8600000,0x00000000d8b00000)
  to   space 5120K, 0% used [0x00000000d8100000,0x00000000d8100000,0x00000000d8600000)
 ParOldGen       total 50176K, used 11932K [0x0000000082200000, 0x0000000085300000, 0x00000000d6100000)
  object space 50176K, 23% used [0x0000000082200000,0x0000000082da7100,0x0000000085300000)
 Metaspace       used 26720K, capacity 27590K, committed 27776K, reserved 1073152K
  class space    used 3636K, capacity 3856K, committed 3968K, reserved 1048576K

Card table byte_map: [0x0000000003140000,0x0000000003530000] byte_map_base: 0x0000000002d2f000

Marking Bits: (ParMarkBitMap*) 0x0000000064bc5ce0
 Begin Bits: [0x0000000003fd0000, 0x0000000005f48000)
 End Bits:   [0x0000000005f48000, 0x0000000007ec0000)

Polling page: 0x00000000009f0000

CodeCache: size=245760Kb used=10156Kb max_used=10156Kb free=235603Kb
 bounds [0x000000000f010000, 0x000000000fa10000, 0x000000001e010000]
 total_blobs=4053 nmethods=3295 adapters=670
 compilation: enabled

Compilation events (10 events):
Event: 48.680 Thread 0x000000000aab4000 3304       1       java.util.Calendar::internalSet (8 bytes)
Event: 48.681 Thread 0x000000000aab4000 nmethod 3304 0x000000000f9eb250 code [0x000000000f9eb3a0, 0x000000000f9eb4d0]
Event: 48.681 Thread 0x000000000aab4000 3303       1       sun.util.calendar.CalendarDate::getDayOfMonth (5 bytes)
Event: 48.681 Thread 0x000000000aab4000 nmethod 3303 0x000000000f9eaf90 code [0x000000000f9eb0e0, 0x000000000f9eb1f0]
Event: 48.690 Thread 0x000000000aab4000 3305       3       java.util.AbstractList::listIterator (6 bytes)
Event: 48.690 Thread 0x000000000aab4000 nmethod 3305 0x000000000f9eab50 code [0x000000000f9eacc0, 0x000000000f9eaee8]
Event: 50.473 Thread 0x000000000aab4000 3306       3       sun.invoke.util.VerifyAccess::isMemberAccessible (261 bytes)
Event: 50.474 Thread 0x000000000aab4000 nmethod 3306 0x000000000f9e8a90 code [0x000000000f9e8d60, 0x000000000f9ea318]
Event: 50.474 Thread 0x000000000aab4000 3307       3       jdk.internal.org.objectweb.asm.AnnotationWriter::put (109 bytes)
Event: 50.474 Thread 0x000000000aab4000 nmethod 3307 0x000000000fa00690 code [0x000000000fa00840, 0x000000000fa00cf8]

GC Heap History (6 events):
Event: 2.052 GC heap before
{Heap before GC invocations=1 (full 0):
 PSYoungGen      total 37888K, used 32768K [0x00000000d6100000, 0x00000000d8b00000, 0x0000000100000000)
  eden space 32768K, 100% used [0x00000000d6100000,0x00000000d8100000,0x00000000d8100000)
  from space 5120K, 0% used [0x00000000d8600000,0x00000000d8600000,0x00000000d8b00000)
  to   space 5120K, 0% used [0x00000000d8100000,0x00000000d8100000,0x00000000d8600000)
 ParOldGen       total 86016K, used 0K [0x0000000082200000, 0x0000000087600000, 0x00000000d6100000)
  object space 86016K, 0% used [0x0000000082200000,0x0000000082200000,0x0000000087600000)
 Metaspace       used 13987K, capacity 14662K, committed 14848K, reserved 1062912K
  class space    used 2103K, capacity 2274K, committed 2304K, reserved 1048576K
Event: 2.057 GC heap after
Heap after GC invocations=1 (full 0):
 PSYoungGen      total 37888K, used 5089K [0x00000000d6100000, 0x00000000d8b00000, 0x0000000100000000)
  eden space 32768K, 0% used [0x00000000d6100000,0x00000000d6100000,0x00000000d8100000)
  from space 5120K, 99% used [0x00000000d8100000,0x00000000d85f86a0,0x00000000d8600000)
  to   space 5120K, 0% used [0x00000000d8600000,0x00000000d8600000,0x00000000d8b00000)
 ParOldGen       total 86016K, used 4112K [0x0000000082200000, 0x0000000087600000, 0x00000000d6100000)
  object space 86016K, 4% used [0x0000000082200000,0x0000000082604020,0x0000000087600000)
 Metaspace       used 13987K, capacity 14662K, committed 14848K, reserved 1062912K
  class space    used 2103K, capacity 2274K, committed 2304K, reserved 1048576K
}
Event: 37.659 GC heap before
{Heap before GC invocations=2 (full 0):
 PSYoungGen      total 37888K, used 29875K [0x00000000d6100000, 0x00000000d8b00000, 0x0000000100000000)
  eden space 32768K, 75% used [0x00000000d6100000,0x00000000d7934710,0x00000000d8100000)
  from space 5120K, 99% used [0x00000000d8100000,0x00000000d85f86a0,0x00000000d8600000)
  to   space 5120K, 0% used [0x00000000d8600000,0x00000000d8600000,0x00000000d8b00000)
 ParOldGen       total 86016K, used 4112K [0x0000000082200000, 0x0000000087600000, 0x00000000d6100000)
  object space 86016K, 4% used [0x0000000082200000,0x0000000082604020,0x0000000087600000)
 Metaspace       used 20459K, capacity 21162K, committed 21296K, reserved 1067008K
  class space    used 2744K, capacity 2922K, committed 2944K, reserved 1048576K
Event: 37.668 GC heap after
Heap after GC invocations=2 (full 0):
 PSYoungGen      total 37888K, used 5105K [0x00000000d6100000, 0x00000000d8b00000, 0x0000000100000000)
  eden space 32768K, 0% used [0x00000000d6100000,0x00000000d6100000,0x00000000d8100000)
  from space 5120K, 99% used [0x00000000d8600000,0x00000000d8afc6f0,0x00000000d8b00000)
  to   space 5120K, 0% used [0x00000000d8100000,0x00000000d8100000,0x00000000d8600000)
 ParOldGen       total 86016K, used 9134K [0x0000000082200000, 0x0000000087600000, 0x00000000d6100000)
  object space 86016K, 10% used [0x0000000082200000,0x0000000082aeb8d8,0x0000000087600000)
 Metaspace       used 20459K, capacity 21162K, committed 21296K, reserved 1067008K
  class space    used 2744K, capacity 2922K, committed 2944K, reserved 1048576K
}
Event: 37.668 GC heap before
{Heap before GC invocations=3 (full 1):
 PSYoungGen      total 37888K, used 5105K [0x00000000d6100000, 0x00000000d8b00000, 0x0000000100000000)
  eden space 32768K, 0% used [0x00000000d6100000,0x00000000d6100000,0x00000000d8100000)
  from space 5120K, 99% used [0x00000000d8600000,0x00000000d8afc6f0,0x00000000d8b00000)
  to   space 5120K, 0% used [0x00000000d8100000,0x00000000d8100000,0x00000000d8600000)
 ParOldGen       total 86016K, used 9134K [0x0000000082200000, 0x0000000087600000, 0x00000000d6100000)
  object space 86016K, 10% used [0x0000000082200000,0x0000000082aeb8d8,0x0000000087600000)
 Metaspace       used 20459K, capacity 21162K, committed 21296K, reserved 1067008K
  class space    used 2744K, capacity 2922K, committed 2944K, reserved 1048576K
Event: 37.699 GC heap after
Heap after GC invocations=3 (full 1):
 PSYoungGen      total 37888K, used 0K [0x00000000d6100000, 0x00000000d8b00000, 0x0000000100000000)
  eden space 32768K, 0% used [0x00000000d6100000,0x00000000d6100000,0x00000000d8100000)
  from space 5120K, 0% used [0x00000000d8600000,0x00000000d8600000,0x00000000d8b00000)
  to   space 5120K, 0% used [0x00000000d8100000,0x00000000d8100000,0x00000000d8600000)
 ParOldGen       total 50176K, used 11932K [0x0000000082200000, 0x0000000085300000, 0x00000000d6100000)
  object space 50176K, 23% used [0x0000000082200000,0x0000000082da7100,0x0000000085300000)
 Metaspace       used 20459K, capacity 21162K, committed 21296K, reserved 1067008K
  class space    used 2744K, capacity 2922K, committed 2944K, reserved 1048576K
}

Deoptimization events (10 events):
Event: 47.261 Thread 0x000000000b9dc000 Uncommon trap: reason=bimorphic action=maybe_recompile pc=0x000000000f66929c method=com.sun.javafx.css.CompoundSelector.applies(Ljavafx/css/Styleable;I[Ljava/util/Set;I)Z @ 132
Event: 47.278 Thread 0x000000000b9dc000 Uncommon trap: reason=unstable_if action=reinterpret pc=0x000000000f951788 method=sun.net.www.protocol.jar.Handler.parseContextSpec(Ljava/net/URL;Ljava/lang/String;)Ljava/lang/String; @ 72
Event: 47.279 Thread 0x000000000b9dc000 Uncommon trap: reason=class_check action=maybe_recompile pc=0x000000000f71b33c method=java.util.zip.InflaterInputStream.read([BII)I @ 100
Event: 47.280 Thread 0x000000000b9dc000 Uncommon trap: reason=class_check action=maybe_recompile pc=0x000000000f71b33c method=java.util.zip.InflaterInputStream.read([BII)I @ 100
Event: 47.280 Thread 0x000000000b9dc000 Uncommon trap: reason=class_check action=maybe_recompile pc=0x000000000f71b33c method=java.util.zip.InflaterInputStream.read([BII)I @ 100
Event: 47.280 Thread 0x000000000b9dc000 Uncommon trap: reason=class_check action=maybe_recompile pc=0x000000000f71b33c method=java.util.zip.InflaterInputStream.read([BII)I @ 100
Event: 47.282 Thread 0x000000000b9dc000 Uncommon trap: reason=bimorphic action=maybe_recompile pc=0x000000000f628324 method=javafx.scene.CssStyleHelper.resolveRef(Ljavafx/css/Styleable;Ljava/lang/String;Lcom/sun/javafx/css/StyleMap;Ljava/util/Set;)Lcom/sun/javafx/css/CascadingStyle; @ 91
Event: 47.282 Thread 0x000000000b9dc000 Uncommon trap: reason=bimorphic action=maybe_recompile pc=0x000000000f628324 method=javafx.scene.CssStyleHelper.resolveRef(Ljavafx/css/Styleable;Ljava/lang/String;Lcom/sun/javafx/css/StyleMap;Ljava/util/Set;)Lcom/sun/javafx/css/CascadingStyle; @ 91
Event: 47.282 Thread 0x000000000b9dc000 Uncommon trap: reason=bimorphic action=maybe_recompile pc=0x000000000f628324 method=javafx.scene.CssStyleHelper.resolveRef(Ljavafx/css/Styleable;Ljava/lang/String;Lcom/sun/javafx/css/StyleMap;Ljava/util/Set;)Lcom/sun/javafx/css/CascadingStyle; @ 91
Event: 47.282 Thread 0x000000000b9dc000 Uncommon trap: reason=bimorphic action=maybe_recompile pc=0x000000000f628324 method=javafx.scene.CssStyleHelper.resolveRef(Ljavafx/css/Styleable;Ljava/lang/String;Lcom/sun/javafx/css/StyleMap;Ljava/util/Set;)Lcom/sun/javafx/css/CascadingStyle; @ 91

Classes redefined (0 events):
No events

Internal exceptions (10 events):
Event: 0.569 Thread 0x000000000b9dc000 Exception <a 'java/lang/NullPointerException'> (0x00000000d6dce3d0) thrown at [C:\re\workspace\8-2-build-windows-amd64-cygwin\jdk8u202\12323\hotspot\src\share\vm\prims\jvm.cpp, line 1506]
Event: 0.730 Thread 0x000000000b9dc000 Implicit null exception at 0x000000000f28dbb5 to 0x000000000f28dd8d
Event: 1.057 Thread 0x000000000b9dc000 Implicit null exception at 0x000000000f33f27a to 0x000000000f340a21
Event: 37.376 Thread 0x000000000b9dc000 Exception <a 'java/security/PrivilegedActionException'> (0x00000000d6bc57e0) thrown at [C:\re\workspace\8-2-build-windows-amd64-cygwin\jdk8u202\12323\hotspot\src\share\vm\prims\jvm.cpp, line 1502]
Event: 37.376 Thread 0x000000000b9dc000 Exception <a 'java/security/PrivilegedActionException'> (0x00000000d6bc6378) thrown at [C:\re\workspace\8-2-build-windows-amd64-cygwin\jdk8u202\12323\hotspot\src\share\vm\prims\jvm.cpp, line 1502]
Event: 37.377 Thread 0x000000000b9dc000 Exception <a 'java/security/PrivilegedActionException'> (0x00000000d6c07858) thrown at [C:\re\workspace\8-2-build-windows-amd64-cygwin\jdk8u202\12323\hotspot\src\share\vm\prims\jvm.cpp, line 1502]
Event: 37.377 Thread 0x000000000b9dc000 Exception <a 'java/security/PrivilegedActionException'> (0x00000000d6c083f0) thrown at [C:\re\workspace\8-2-build-windows-amd64-cygwin\jdk8u202\12323\hotspot\src\share\vm\prims\jvm.cpp, line 1502]
Event: 37.405 Thread 0x000000000b9dc000 Implicit null exception at 0x000000000f612574 to 0x000000000f6125f5
Event: 46.923 Thread 0x000000000b9dc000 Exception <a 'java/io/FileNotFoundException'> (0x00000000d7040b40) thrown at [C:\re\workspace\8-2-build-windows-amd64-cygwin\jdk8u202\12323\hotspot\src\share\vm\prims\jni.cpp, line 710]
Event: 50.474 Thread 0x000000000c0ed800 Exception <a 'java/lang/IllegalStateException'> (0x00000000d78a3670) thrown at [C:\re\workspace\8-2-build-windows-amd64-cygwin\jdk8u202\12323\hotspot\src\share\vm\prims\jvm.cpp, line 1506]

Events (10 events):
Event: 50.473 loading class java/util/IdentityHashMap$KeyIterator done
Event: 50.473 Thread 0x000000000c0ed800 Thread added: 0x000000000c0ed800
Event: 50.474 loading class com/sun/javafx/tk/quantum/QuantumRenderer
Event: 50.474 loading class com/sun/javafx/tk/quantum/QuantumRenderer done
Event: 50.474 loading class com/sun/javafx/tk/quantum/QuantumToolkit
Event: 50.474 loading class com/sun/javafx/tk/quantum/QuantumToolkit done
Event: 50.474 loading class com/sun/prism/ResourceFactoryListener
Event: 50.474 loading class com/sun/prism/ResourceFactoryListener done
Event: 50.474 Thread 0x000000000c0ed800 Thread exited: 0x000000000c0ed800
Event: 50.474 Executing VM operation: Exit


Dynamic libraries:
0x00007ff77e790000 - 0x00007ff77e7c7000 	C:\Program Files\Java\jdk1.8.0_202\bin\javaw.exe
0x00007ffe9da90000 - 0x00007ffe9dc7d000 	C:\Windows\SYSTEM32\ntdll.dll
0x00007ffe9d2e0000 - 0x00007ffe9d393000 	C:\Windows\System32\KERNEL32.DLL
0x00007ffe9a1d0000 - 0x00007ffe9a463000 	C:\Windows\System32\KERNELBASE.dll
0x00007ffe9d050000 - 0x00007ffe9d0f3000 	C:\Windows\System32\ADVAPI32.dll
0x00007ffe9d1a0000 - 0x00007ffe9d23e000 	C:\Windows\System32\msvcrt.dll
0x00007ffe9ccf0000 - 0x00007ffe9cd8e000 	C:\Windows\System32\sechost.dll
0x00007ffe9cbc0000 - 0x00007ffe9cce2000 	C:\Windows\System32\RPCRT4.dll
0x00007ffe9ca20000 - 0x00007ffe9cbb7000 	C:\Windows\System32\USER32.dll
0x00007ffe99d00000 - 0x00007ffe99d20000 	C:\Windows\System32\win32u.dll
0x00007ffe9cdf0000 - 0x00007ffe9ce19000 	C:\Windows\System32\GDI32.dll
0x00007ffe99d20000 - 0x00007ffe99eba000 	C:\Windows\System32\gdi32full.dll
0x00007ffe99c60000 - 0x00007ffe99d00000 	C:\Windows\System32\msvcp_win.dll
0x00007ffe99b60000 - 0x00007ffe99c5c000 	C:\Windows\System32\ucrtbase.dll
0x00007ffe90470000 - 0x00007ffe906e9000 	C:\Windows\WinSxS\amd64_microsoft.windows.common-controls_6595b64144ccf1df_6.0.17763.253_none_05b2388e0721fece\COMCTL32.dll
0x00007ffe9d6b0000 - 0x00007ffe9d9dd000 	C:\Windows\System32\combase.dll
0x00007ffe9ac40000 - 0x00007ffe9acbe000 	C:\Windows\System32\bcryptPrimitives.dll
0x00007ffe9d170000 - 0x00007ffe9d19e000 	C:\Windows\System32\IMM32.DLL
0x00007ffe989d0000 - 0x00007ffe98a01000 	C:\Windows\system32\nvinitx.dll
0x00007ffe98990000 - 0x00007ffe9899a000 	C:\Windows\SYSTEM32\VERSION.dll
0x000000000f000000 - 0x000000000f006000 	C:\Program Files\NVIDIA Corporation\CoProcManager\_etoured.dll
0x00007ffe95740000 - 0x00007ffe95772000 	C:\Program Files\NVIDIA Corporation\CoProcManager\nvd3d9wrapx.dll
0x00007ffe9acc0000 - 0x00007ffe9b135000 	C:\Windows\System32\SETUPAPI.dll
0x00007ffe9a4a0000 - 0x00007ffe9a4ea000 	C:\Windows\System32\cfgmgr32.dll
0x00007ffe9a470000 - 0x00007ffe9a496000 	C:\Windows\System32\bcrypt.dll
0x00007ffe955a0000 - 0x00007ffe955c2000 	C:\Program Files\NVIDIA Corporation\CoProcManager\nvdxgiwrapx.dll
0x000000005f730000 - 0x000000005f802000 	C:\Program Files\Java\jdk1.8.0_202\jre\bin\msvcr100.dll
0x00000000643a0000 - 0x0000000064c45000 	C:\Program Files\Java\jdk1.8.0_202\jre\bin\server\jvm.dll
0x00007ffe9d240000 - 0x00007ffe9d248000 	C:\Windows\System32\PSAPI.DLL
0x00007ffe959b0000 - 0x00007ffe959d4000 	C:\Windows\SYSTEM32\WINMM.dll
0x00007ffe967f0000 - 0x00007ffe967f9000 	C:\Windows\SYSTEM32\WSOCK32.dll
0x00007ffe9d100000 - 0x00007ffe9d16d000 	C:\Windows\System32\WS2_32.dll
0x00007ffe95980000 - 0x00007ffe959ad000 	C:\Windows\SYSTEM32\WINMMBASE.dll
0x00007ffe95590000 - 0x00007ffe9559f000 	C:\Program Files\Java\jdk1.8.0_202\jre\bin\verify.dll
0x00007ffe94850000 - 0x00007ffe94879000 	C:\Program Files\Java\jdk1.8.0_202\jre\bin\java.dll
0x00007ffe949e0000 - 0x00007ffe949f6000 	C:\Program Files\Java\jdk1.8.0_202\jre\bin\zip.dll
0x00007ffe9b150000 - 0x00007ffe9c63f000 	C:\Windows\System32\SHELL32.dll
0x00007ffe9d600000 - 0x00007ffe9d6a8000 	C:\Windows\System32\shcore.dll
0x00007ffe9a4f0000 - 0x00007ffe9ac3a000 	C:\Windows\System32\windows.storage.dll
0x00007ffe99ab0000 - 0x00007ffe99ad4000 	C:\Windows\System32\profapi.dll
0x00007ffe99ae0000 - 0x00007ffe99b3d000 	C:\Windows\System32\powrprof.dll
0x00007ffe9ce80000 - 0x00007ffe9ced2000 	C:\Windows\System32\shlwapi.dll
0x00007ffe99b40000 - 0x00007ffe99b51000 	C:\Windows\System32\kernel.appcore.dll
0x00007ffe99f20000 - 0x00007ffe99f37000 	C:\Windows\System32\cryptsp.dll
0x00000000011f0000 - 0x00000000011f3000 	C:\Program Files\Java\jdk1.8.0_202\jre\bin\api-ms-win-core-console-l1-1-0.dll
0x0000000001200000 - 0x0000000001203000 	C:\Program Files\Java\jdk1.8.0_202\jre\bin\api-ms-win-core-datetime-l1-1-0.dll
0x0000000001210000 - 0x0000000001213000 	C:\Program Files\Java\jdk1.8.0_202\jre\bin\api-ms-win-core-debug-l1-1-0.dll
0x0000000001220000 - 0x0000000001223000 	C:\Program Files\Java\jdk1.8.0_202\jre\bin\api-ms-win-core-errorhandling-l1-1-0.dll
0x0000000001230000 - 0x0000000001234000 	C:\Program Files\Java\jdk1.8.0_202\jre\bin\api-ms-win-core-file-l1-1-0.dll
0x0000000001240000 - 0x0000000001243000 	C:\Program Files\Java\jdk1.8.0_202\jre\bin\api-ms-win-core-file-l1-2-0.dll
0x0000000001250000 - 0x0000000001253000 	C:\Program Files\Java\jdk1.8.0_202\jre\bin\api-ms-win-core-file-l2-1-0.dll
0x0000000002b10000 - 0x0000000002b13000 	C:\Program Files\Java\jdk1.8.0_202\jre\bin\api-ms-win-core-handle-l1-1-0.dll
0x0000000002b20000 - 0x0000000002b23000 	C:\Program Files\Java\jdk1.8.0_202\jre\bin\api-ms-win-core-heap-l1-1-0.dll
0x0000000002b30000 - 0x0000000002b33000 	C:\Program Files\Java\jdk1.8.0_202\jre\bin\api-ms-win-core-interlocked-l1-1-0.dll
0x0000000002b40000 - 0x0000000002b43000 	C:\Program Files\Java\jdk1.8.0_202\jre\bin\api-ms-win-core-libraryloader-l1-1-0.dll
0x0000000002b50000 - 0x0000000002b53000 	C:\Program Files\Java\jdk1.8.0_202\jre\bin\api-ms-win-core-localization-l1-2-0.dll
0x0000000002b60000 - 0x0000000002b63000 	C:\Program Files\Java\jdk1.8.0_202\jre\bin\api-ms-win-core-memory-l1-1-0.dll
0x0000000002c80000 - 0x0000000002c83000 	C:\Program Files\Java\jdk1.8.0_202\jre\bin\api-ms-win-core-namedpipe-l1-1-0.dll
0x0000000002c90000 - 0x0000000002c93000 	C:\Program Files\Java\jdk1.8.0_202\jre\bin\api-ms-win-core-processenvironment-l1-1-0.dll
0x0000000002ca0000 - 0x0000000002ca3000 	C:\Program Files\Java\jdk1.8.0_202\jre\bin\api-ms-win-core-processthreads-l1-1-0.dll
0x0000000002cb0000 - 0x0000000002cb3000 	C:\Program Files\Java\jdk1.8.0_202\jre\bin\api-ms-win-core-processthreads-l1-1-1.dll
0x0000000002cc0000 - 0x0000000002cc3000 	C:\Program Files\Java\jdk1.8.0_202\jre\bin\api-ms-win-core-profile-l1-1-0.dll
0x0000000002cd0000 - 0x0000000002cd3000 	C:\Program Files\Java\jdk1.8.0_202\jre\bin\api-ms-win-core-rtlsupport-l1-1-0.dll
0x0000000002ce0000 - 0x0000000002ce3000 	C:\Program Files\Java\jdk1.8.0_202\jre\bin\api-ms-win-core-string-l1-1-0.dll
0x0000000002cf0000 - 0x0000000002cf3000 	C:\Program Files\Java\jdk1.8.0_202\jre\bin\api-ms-win-core-synch-l1-1-0.dll
0x0000000002d00000 - 0x0000000002d03000 	C:\Program Files\Java\jdk1.8.0_202\jre\bin\api-ms-win-core-synch-l1-2-0.dll
0x0000000002d10000 - 0x0000000002d13000 	C:\Program Files\Java\jdk1.8.0_202\jre\bin\api-ms-win-core-sysinfo-l1-1-0.dll
0x0000000002d20000 - 0x0000000002d23000 	C:\Program Files\Java\jdk1.8.0_202\jre\bin\api-ms-win-core-timezone-l1-1-0.dll
0x0000000002d30000 - 0x0000000002d33000 	C:\Program Files\Java\jdk1.8.0_202\jre\bin\api-ms-win-core-util-l1-1-0.dll
0x0000000002d40000 - 0x0000000002d43000 	C:\Program Files\Java\jdk1.8.0_202\jre\bin\api-ms-win-crt-conio-l1-1-0.dll
0x0000000002d50000 - 0x0000000002d54000 	C:\Program Files\Java\jdk1.8.0_202\jre\bin\api-ms-win-crt-convert-l1-1-0.dll
0x0000000002d60000 - 0x0000000002d63000 	C:\Program Files\Java\jdk1.8.0_202\jre\bin\api-ms-win-crt-environment-l1-1-0.dll
0x000000000c170000 - 0x000000000c173000 	C:\Program Files\Java\jdk1.8.0_202\jre\bin\api-ms-win-crt-filesystem-l1-1-0.dll
0x000000000c180000 - 0x000000000c183000 	C:\Program Files\Java\jdk1.8.0_202\jre\bin\api-ms-win-crt-heap-l1-1-0.dll
0x000000000c190000 - 0x000000000c193000 	C:\Program Files\Java\jdk1.8.0_202\jre\bin\api-ms-win-crt-locale-l1-1-0.dll
0x000000000c1a0000 - 0x000000000c1a5000 	C:\Program Files\Java\jdk1.8.0_202\jre\bin\api-ms-win-crt-math-l1-1-0.dll
0x000000000c1b0000 - 0x000000000c1b5000 	C:\Program Files\Java\jdk1.8.0_202\jre\bin\api-ms-win-crt-multibyte-l1-1-0.dll
0x000000000c1c0000 - 0x000000000c1d0000 	C:\Program Files\Java\jdk1.8.0_202\jre\bin\api-ms-win-crt-private-l1-1-0.dll
0x000000000c1d0000 - 0x000000000c1d3000 	C:\Program Files\Java\jdk1.8.0_202\jre\bin\api-ms-win-crt-process-l1-1-0.dll
0x000000000c1e0000 - 0x000000000c1e4000 	C:\Program Files\Java\jdk1.8.0_202\jre\bin\api-ms-win-crt-runtime-l1-1-0.dll
0x000000000c1f0000 - 0x000000000c1f4000 	C:\Program Files\Java\jdk1.8.0_202\jre\bin\api-ms-win-crt-stdio-l1-1-0.dll
0x000000000c200000 - 0x000000000c204000 	C:\Program Files\Java\jdk1.8.0_202\jre\bin\api-ms-win-crt-string-l1-1-0.dll
0x000000000c210000 - 0x000000000c213000 	C:\Program Files\Java\jdk1.8.0_202\jre\bin\api-ms-win-crt-time-l1-1-0.dll
0x000000000c220000 - 0x000000000c223000 	C:\Program Files\Java\jdk1.8.0_202\jre\bin\api-ms-win-crt-utility-l1-1-0.dll
0x00007ffe74ee0000 - 0x00007ffe74fd6000 	C:\Program Files\Java\jdk1.8.0_202\jre\bin\ucrtbase.dll
0x00007ffe79c70000 - 0x00007ffe79c86000 	C:\Program Files\Java\jdk1.8.0_202\jre\bin\vcruntime140.dll
0x00007ffe674a0000 - 0x00007ffe6753c000 	C:\Program Files\Java\jdk1.8.0_202\jre\bin\msvcp140.dll
0x00007ffe672a0000 - 0x00007ffe672f1000 	C:\Program Files\Java\jdk1.8.0_202\jre\bin\concrt140.dll
0x00007ffe77f50000 - 0x00007ffe77f73000 	C:\Program Files\Java\jdk1.8.0_202\jre\bin\prism_d3d.dll
0x00007ffe67300000 - 0x00007ffe6749e000 	C:\Windows\system32\d3d9.dll
0x00007ffe98140000 - 0x00007ffe9816e000 	C:\Windows\SYSTEM32\dwmapi.dll
0x00007ffe99f40000 - 0x00007ffe9a11b000 	C:\Windows\System32\CRYPT32.dll
0x00007ffe99a90000 - 0x00007ffe99aa2000 	C:\Windows\System32\MSASN1.dll
0x00007ffe998a0000 - 0x00007ffe998c9000 	C:\Windows\SYSTEM32\DEVOBJ.dll
0x00007ffe99ec0000 - 0x00007ffe99f18000 	C:\Windows\System32\WINTRUST.dll
0x00007ffe97e00000 - 0x00007ffe97e9c000 	C:\Windows\system32\uxtheme.dll
0x00007ffe91de0000 - 0x00007ffe91f05000 	C:\Windows\SYSTEM32\nvumdshimx.dll
0x00007ffe561b0000 - 0x00007ffe56c1e000 	C:\Windows\system32\igdumdim64.dll
0x00007ffe90d50000 - 0x00007ffe911af000 	C:\Windows\SYSTEM32\igdusc64.dll
0x00007ffe74e90000 - 0x00007ffe74ed9000 	C:\Program Files\Java\jdk1.8.0_202\jre\bin\glass.dll
0x00007ffe9d4d0000 - 0x00007ffe9d5f7000 	C:\Windows\System32\COMDLG32.dll
0x00007ffe9c710000 - 0x00007ffe9c865000 	C:\Windows\System32\ole32.dll
0x00007ffe9c640000 - 0x00007ffe9c70b000 	C:\Windows\System32\OLEAUT32.dll
0x00007ffe9cee0000 - 0x00007ffe9d04a000 	C:\Windows\System32\MSCTF.dll
0x00007ffe78c10000 - 0x00007ffe78c24000 	C:\Program Files\Java\jdk1.8.0_202\jre\bin\javafx_font.dll
0x00007ffe8bfe0000 - 0x00007ffe8c2df000 	C:\Windows\SYSTEM32\dwrite.dll
0x00007ffe9d420000 - 0x00007ffe9d4c2000 	C:\Windows\System32\clbcatq.dll
0x00007ffe92eb0000 - 0x00007ffe93068000 	C:\Windows\SYSTEM32\WindowsCodecs.dll
0x00007ffe6f010000 - 0x00007ffe6f066000 	C:\Windows\system32\dataexchange.dll
0x00007ffe96d70000 - 0x00007ffe96fee000 	C:\Windows\system32\d3d11.dll
0x00007ffe975b0000 - 0x00007ffe97773000 	C:\Windows\system32\dcomp.dll
0x00007ffe987d0000 - 0x00007ffe98892000 	C:\Windows\system32\dxgi.dll
0x00007ffe98170000 - 0x00007ffe9837d000 	C:\Windows\system32\twinapi.appcore.dll
0x00007ffe98380000 - 0x00007ffe983a8000 	C:\Windows\system32\RMCLIENT.dll
0x00007ffe66f60000 - 0x00007ffe66f93000 	C:\Program Files\Common Files\Microsoft Shared\Ink\rtscom.dll
0x00007ffe8ddb0000 - 0x00007ffe8de45000 	C:\Windows\System32\TextInputFramework.dll
0x00007ffe93110000 - 0x00007ffe93432000 	C:\Windows\System32\CoreUIComponents.dll
0x00007ffe97af0000 - 0x00007ffe97bd2000 	C:\Windows\System32\CoreMessaging.dll
0x00007ffe98b60000 - 0x00007ffe98b91000 	C:\Windows\SYSTEM32\ntmarta.dll
0x00007ffe95d10000 - 0x00007ffe95e63000 	C:\Windows\SYSTEM32\wintypes.dll
0x00007ffe66bc0000 - 0x00007ffe66bd2000 	C:\Program Files\Java\jdk1.8.0_202\jre\bin\prism_common.dll
0x00007ffe6e4a0000 - 0x00007ffe6e92b000 	C:\Windows\system32\explorerframe.dll
0x00007ffe964a0000 - 0x00007ffe96648000 	C:\Windows\system32\propsys.dll
0x00007ffe60cc0000 - 0x00007ffe60e75000 	C:\Windows\SYSTEM32\DUI70.dll
0x00007ffe73270000 - 0x00007ffe73304000 	C:\Windows\SYSTEM32\DUser.dll
0x00007ffe88750000 - 0x00007ffe887f4000 	C:\Program Files\Common Files\microsoft shared\ink\tiptsf.dll
0x00007ffe94b40000 - 0x00007ffe94b85000 	C:\Windows\SYSTEM32\edputil.dll
0x00007ffe6e230000 - 0x00007ffe6e291000 	C:\Windows\System32\thumbcache.dll

VM Arguments:
jvm_args: -Dfile.encoding=Cp1251 
java_command: Main
java_class_path (initial): E:\JAVA\SortPartsList\SortPartsListFX\bin;E:\soft\Java\eclipse-jee-2018-12-R-win32-x86_64\eclipse\plugins\org.eclipse.fx.ide.css.jfx8_3.5.0.201902220800.jar;E:\soft\Java\java_lib\poi-4.1.0\poi-4.1.0.jar;E:\soft\Java\java_lib\poi-4.1.0\poi-examples-4.1.0.jar;E:\soft\Java\java_lib\poi-4.1.0\poi-excelant-4.1.0.jar;E:\soft\Java\java_lib\poi-4.1.0\poi-ooxml-4.1.0.jar;E:\soft\Java\java_lib\poi-4.1.0\poi-ooxml-schemas-4.1.0.jar;E:\soft\Java\java_lib\poi-4.1.0\poi-scratchpad-4.1.0.jar;E:\soft\Java\java_lib\poi-4.1.0\ooxml-lib\curvesapi-1.06.jar;E:\soft\Java\java_lib\poi-4.1.0\ooxml-lib\xmlbeans-3.1.0.jar;E:\soft\Java\java_lib\poi-4.1.0\lib\commons-codec-1.12.jar;E:\soft\Java\java_lib\poi-4.1.0\lib\commons-collections4-4.3.jar;E:\soft\Java\java_lib\poi-4.1.0\lib\commons-compress-1.18.jar;E:\soft\Java\java_lib\poi-4.1.0\lib\commons-logging-1.2.jar;E:\soft\Java\java_lib\poi-4.1.0\lib\commons-math3-3.6.1.jar;E:\soft\Java\java_lib\poi-4.1.0\lib\jaxb-api-2.3.0.jar;E:\soft\Java\java_lib\poi-4.1.0\lib\jaxb-core-2.3.0.1.jar;E:\soft\Java\java_lib\poi-4.1.0\lib\jaxb-impl-2.3.0.1.jar;E:\soft\Java\java_lib\poi-4.1.0\lib\junit-4.12.jar;E:\soft\Java\java_lib\poi-4.1.0\lib\log4j-1.2.17.jar
Launcher Type: SUN_STANDARD

Environment Variables:
JAVA_HOME=C:\Program Files\Java\jdk1.8.0_202
PATH=C:/Program Files/Java/jdk1.8.0_202/bin/../jre/bin/server;C:/Program Files/Java/jdk1.8.0_202/bin/../jre/bin;C:/Program Files/Java/jdk1.8.0_202/bin/../jre/lib/amd64;C:\Program Files (x86)\NVIDIA Corporation\PhysX\Common;C:\Program Files\Java\jdk1.8.0_202\bin;C:\Windows\system32;C:\Windows;C:\Windows\System32\Wbem;C:\Windows\System32\WindowsPowerShell\v1.0\;C:\Windows\System32\OpenSSH\;C:\Program Files (x86)\Skype\Phone\;C:\Program Files\Microsoft SQL Server\Client SDK\ODBC\110\Tools\Binn\;C:\Program Files (x86)\Microsoft SQL Server\120\Tools\Binn\;C:\Program Files\Microsoft SQL Server\120\Tools\Binn\;C:\Program Files\Microsoft SQL Server\120\DTS\Binn\;C:\Program Files (x86)\Windows Kits\8.1\Windows Performance Toolkit\;C:\curl-7.65.1-win64-mingw\bin;C:\Program Files\Git\cmd;C:\Program Files\Java\Tools\apache-maven-3.6.1\bin;C:\Users\Admin\AppData\Local\Microsoft\WindowsApps;E:\soft\Java\eclipse-jee-2018-12-R-win32-x86_64\eclipse;
USERNAME=Admin
OS=Windows_NT
PROCESSOR_IDENTIFIER=Intel64 Family 6 Model 58 Stepping 9, GenuineIntel



---------------  S Y S T E M  ---------------

OS: Windows 10.0 , 64 bit Build 17763 (10.0.17763.1)

CPU:total 8 (initial active 8) (4 cores per cpu, 2 threads per core) family 6 model 58 stepping 9, cmov, cx8, fxsr, mmx, sse, sse2, sse3, ssse3, sse4.1, sse4.2, popcnt, avx, aes, clmul, erms, ht, tsc, tscinvbit, tscinv

Memory: 4k page, physical 8242100k(3651276k free), swap 9627120k(2164476k free)

vm_info: Java HotSpot(TM) 64-Bit Server VM (25.202-b08) for windows-amd64 JRE (1.8.0_202-b08), built on Dec 15 2018 19:54:30 by "java_re" with MS VC++ 10.0 (VS2010)

time: Sun Nov 10 12:19:04 2019
timezone: Финляндия (зима)
elapsed time: 50 seconds (0d 0h 0m 50s)

