

Version:	3.12
CmdLine:	E:\JAVA\SortPartsList\SortPartsListFX\SPLFX\SortPartsListFX.exe --l4j-debug
WOW64:		yes
Working dir:	E:\JAVA\SortPartsList\SortPartsListFX\SPLFX\.
Java min ver:	
Java max ver:	
Bundled JRE:	.\jre7
Check launcher:	E:\JAVA\SortPartsList\SortPartsListFX\SPLFX\.\jre7\bin\javaw.exe (not found)
Error msg:	This application was configured to use a bundled Java Runtime Environment but the runtime is missing or corrupted.


Version:	3.12
CmdLine:	E:\JAVA\SortPartsList\SortPartsListFX\SPLFX\SortPartsListFX.exe --l4j-debug
WOW64:		yes
Working dir:	E:\JAVA\SortPartsList\SortPartsListFX\SPLFX\.
Java min ver:	
Java max ver:	
Bundled JRE:	.\jre7
Check launcher:	E:\JAVA\SortPartsList\SortPartsListFX\SPLFX\.\jre7\bin\javaw.exe (not found)
Error msg:	This application was configured to use a bundled Java Runtime Environment but the runtime is missing or corrupted.


Version:	3.12
CmdLine:	E:\JAVA\SortPartsList\SortPartsListFX\SPLFX\SortPartsListFX.exe --l4j-debug
WOW64:		yes
Working dir:	E:\JAVA\SortPartsList\SortPartsListFX\SPLFX\.
Java min ver:	1.006.000
Java max ver:	
32-bit search:	SOFTWARE\JavaSoft\Java Runtime Environment...
32-bit search:	SOFTWARE\JavaSoft\Java Development Kit...
32-bit search:	SOFTWARE\JavaSoft\JRE...
32-bit search:	SOFTWARE\JavaSoft\JDK...
32-bit search:	SOFTWARE\IBM\Java Runtime Environment...
32-bit search:	SOFTWARE\IBM\Java Development Kit...
32-bit search:	SOFTWARE\IBM\Java2 Runtime Environment...
32-bit search:	SOFTWARE\IBM\Java Development Kit...
Error msg:	This application requires a Java Runtime Environment 1.6.0 (32-bit)
Open URL:	http://java.com/download


Version:	3.12
CmdLine:	E:\JAVA\SortPartsList\SortPartsListFX\SPLFX\SortPartsListFX.exe --l4j-debug
WOW64:		yes
Working dir:	E:\JAVA\SortPartsList\SortPartsListFX\SPLFX\.
Java min ver:	1.006.000
Java max ver:	
32-bit search:	SOFTWARE\JavaSoft\Java Runtime Environment...
32-bit search:	SOFTWARE\JavaSoft\Java Development Kit...
32-bit search:	SOFTWARE\JavaSoft\JRE...
32-bit search:	SOFTWARE\JavaSoft\JDK...
32-bit search:	SOFTWARE\IBM\Java Runtime Environment...
32-bit search:	SOFTWARE\IBM\Java Development Kit...
32-bit search:	SOFTWARE\IBM\Java2 Runtime Environment...
32-bit search:	SOFTWARE\IBM\Java Development Kit...
Error msg:	This application requires a Java Runtime Environment 1.6.0 (32-bit)
Open URL:	http://java.com/download


Version:	3.12
CmdLine:	E:\JAVA\SortPartsList\SortPartsListFX\SPLFX\SortPartsListFX.exe --l4j-debug
WOW64:		yes
Working dir:	E:\JAVA\SortPartsList\SortPartsListFX\SPLFX\.
Java min ver:	1.006.000
Java max ver:	
32-bit search:	SOFTWARE\JavaSoft\Java Runtime Environment...
32-bit search:	SOFTWARE\JavaSoft\Java Development Kit...
32-bit search:	SOFTWARE\JavaSoft\JRE...
32-bit search:	SOFTWARE\JavaSoft\JDK...
32-bit search:	SOFTWARE\IBM\Java Runtime Environment...
32-bit search:	SOFTWARE\IBM\Java Development Kit...
32-bit search:	SOFTWARE\IBM\Java2 Runtime Environment...
32-bit search:	SOFTWARE\IBM\Java Development Kit...
Error msg:	This application requires a Java Runtime Environment 1.6.0 (32-bit)
Open URL:	http://java.com/download


Version:	3.12
CmdLine:	E:\JAVA\SortPartsList\SortPartsListFX\SPLFX\SortPartsListFX.exe --l4j-debug
WOW64:		yes
Working dir:	E:\JAVA\SortPartsList\SortPartsListFX\SPLFX\.
Java min ver:	1.006.000
Java max ver:	
32-bit search:	SOFTWARE\JavaSoft\Java Runtime Environment...
32-bit search:	SOFTWARE\JavaSoft\Java Development Kit...
32-bit search:	SOFTWARE\JavaSoft\JRE...
32-bit search:	SOFTWARE\JavaSoft\JDK...
32-bit search:	SOFTWARE\IBM\Java Runtime Environment...
32-bit search:	SOFTWARE\IBM\Java Development Kit...
32-bit search:	SOFTWARE\IBM\Java2 Runtime Environment...
32-bit search:	SOFTWARE\IBM\Java Development Kit...
Error msg:	This application requires a Java Runtime Environment 1.6.0 (32-bit)
Open URL:	http://java.com/download


Version:	3.12
CmdLine:	E:\JAVA\SortPartsList\SortPartsListFX\SPLFX\SortPartsListFX.exe --l4j-debug
WOW64:		yes
Working dir:	E:\JAVA\SortPartsList\SortPartsListFX\SPLFX\.
Java min ver:	1.008.000
Java max ver:	
64-bit search:	SOFTWARE\JavaSoft\Java Runtime Environment...
Check:		SOFTWARE\JavaSoft\Java Runtime Environment\1.8
Check launcher:	C:\Program Files\Java\jre1.8.0_202\bin\javaw.exe (OK)
Match:		1.008.000
Check:		SOFTWARE\JavaSoft\Java Runtime Environment\1.8.0_202
Check launcher:	C:\Program Files\Java\jre1.8.0_202\bin\javaw.exe (OK)
Match:		1.008.000_202
64-bit search:	SOFTWARE\JavaSoft\Java Development Kit...
Check:		SOFTWARE\JavaSoft\Java Development Kit\1.8
Ignore:		1.008.000
Check:		SOFTWARE\JavaSoft\Java Development Kit\1.8.0_202
Ignore:		1.008.000_202
64-bit search:	SOFTWARE\JavaSoft\JRE...
64-bit search:	SOFTWARE\JavaSoft\JDK...
Runtime used:	1.008.000_202 (64-bit)
Launcher:	C:\Program Files\Java\jre1.8.0_202\bin\javaw.exe
Launcher args:	-jar "E:\JAVA\SortPartsList\SortPartsListFX\SPLFX\SortPartsListFX.exe"
Args length:	70/32768 chars
Exit code:	0


Version:	3.12
CmdLine:	E:\JAVA\SortPartsList\SortPartsListFX\SPLFX\SortPartsListFX.exe --l4j-debug
WOW64:		yes
Working dir:	E:\JAVA\SortPartsList\SortPartsListFX\SPLFX\.
Java min ver:	1.008.000
Java max ver:	
64-bit search:	SOFTWARE\JavaSoft\Java Runtime Environment...
Check:		SOFTWARE\JavaSoft\Java Runtime Environment\1.8
Check launcher:	C:\Program Files\Java\jre1.8.0_202\bin\javaw.exe (OK)
Match:		1.008.000
Check:		SOFTWARE\JavaSoft\Java Runtime Environment\1.8.0_202
Check launcher:	C:\Program Files\Java\jre1.8.0_202\bin\javaw.exe (OK)
Match:		1.008.000_202
64-bit search:	SOFTWARE\JavaSoft\Java Development Kit...
Check:		SOFTWARE\JavaSoft\Java Development Kit\1.8
Ignore:		1.008.000
Check:		SOFTWARE\JavaSoft\Java Development Kit\1.8.0_202
Ignore:		1.008.000_202
64-bit search:	SOFTWARE\JavaSoft\JRE...
64-bit search:	SOFTWARE\JavaSoft\JDK...
Runtime used:	1.008.000_202 (64-bit)
Launcher:	C:\Program Files\Java\jre1.8.0_202\bin\javaw.exe
Launcher args:	-jar "E:\JAVA\SortPartsList\SortPartsListFX\SPLFX\SortPartsListFX.exe"
Args length:	70/32768 chars
Exit code:	0


Version:	3.12
CmdLine:	E:\JAVA\SortPartsList\SortPartsListFX\SPLFX\SortPartsListFX.exe --l4j-debug
WOW64:		yes
Working dir:	E:\JAVA\SortPartsList\SortPartsListFX\SPLFX\.
Java min ver:	1.008.000
Java max ver:	
64-bit search:	SOFTWARE\JavaSoft\Java Runtime Environment...
Check:		SOFTWARE\JavaSoft\Java Runtime Environment\1.8
Check launcher:	C:\Program Files\Java\jre1.8.0_202\bin\javaw.exe (OK)
Match:		1.008.000
Check:		SOFTWARE\JavaSoft\Java Runtime Environment\1.8.0_202
Check launcher:	C:\Program Files\Java\jre1.8.0_202\bin\javaw.exe (OK)
Match:		1.008.000_202
64-bit search:	SOFTWARE\JavaSoft\Java Development Kit...
Check:		SOFTWARE\JavaSoft\Java Development Kit\1.8
Ignore:		1.008.000
Check:		SOFTWARE\JavaSoft\Java Development Kit\1.8.0_202
Ignore:		1.008.000_202
64-bit search:	SOFTWARE\JavaSoft\JRE...
64-bit search:	SOFTWARE\JavaSoft\JDK...
Runtime used:	1.008.000_202 (64-bit)
Launcher:	C:\Program Files\Java\jre1.8.0_202\bin\javaw.exe
Launcher args:	-jar "E:\JAVA\SortPartsList\SortPartsListFX\SPLFX\SortPartsListFX.exe"
Args length:	70/32768 chars
Exit code:	0


Version:	3.12
CmdLine:	E:\JAVA\SortPartsList\SortPartsListFX\SPLFX\SortPartsListFX.exe --l4j-debug
WOW64:		yes
Working dir:	E:\JAVA\SortPartsList\SortPartsListFX\SPLFX\.
Java min ver:	1.008.000
Java max ver:	
64-bit search:	SOFTWARE\JavaSoft\Java Runtime Environment...
Check:		SOFTWARE\JavaSoft\Java Runtime Environment\1.8
Check launcher:	C:\Program Files\Java\jre1.8.0_202\bin\javaw.exe (OK)
Match:		1.008.000
Check:		SOFTWARE\JavaSoft\Java Runtime Environment\1.8.0_202
Check launcher:	C:\Program Files\Java\jre1.8.0_202\bin\javaw.exe (OK)
Match:		1.008.000_202
64-bit search:	SOFTWARE\JavaSoft\Java Development Kit...
Check:		SOFTWARE\JavaSoft\Java Development Kit\1.8
Ignore:		1.008.000
Check:		SOFTWARE\JavaSoft\Java Development Kit\1.8.0_202
Ignore:		1.008.000_202
64-bit search:	SOFTWARE\JavaSoft\JRE...
64-bit search:	SOFTWARE\JavaSoft\JDK...
Runtime used:	1.008.000_202 (64-bit)
Launcher:	C:\Program Files\Java\jre1.8.0_202\bin\javaw.exe
Launcher args:	-jar "E:\JAVA\SortPartsList\SortPartsListFX\SPLFX\SortPartsListFX.exe"
Args length:	70/32768 chars
Exit code:	0


Version:	3.12
CmdLine:	E:\JAVA\SortPartsList\SortPartsListFX\SPLFX\SortPartsListFX.exe --l4j-debug
WOW64:		yes
Working dir:	E:\JAVA\SortPartsList\SortPartsListFX\SPLFX\.
Java min ver:	1.008.000
Java max ver:	
64-bit search:	SOFTWARE\JavaSoft\Java Runtime Environment...
Check:		SOFTWARE\JavaSoft\Java Runtime Environment\1.8
Check launcher:	C:\Program Files\Java\jre1.8.0_202\bin\javaw.exe (OK)
Match:		1.008.000
Check:		SOFTWARE\JavaSoft\Java Runtime Environment\1.8.0_202
Check launcher:	C:\Program Files\Java\jre1.8.0_202\bin\javaw.exe (OK)
Match:		1.008.000_202
64-bit search:	SOFTWARE\JavaSoft\Java Development Kit...
Check:		SOFTWARE\JavaSoft\Java Development Kit\1.8
Ignore:		1.008.000
Check:		SOFTWARE\JavaSoft\Java Development Kit\1.8.0_202
Ignore:		1.008.000_202
64-bit search:	SOFTWARE\JavaSoft\JRE...
64-bit search:	SOFTWARE\JavaSoft\JDK...
Runtime used:	1.008.000_202 (64-bit)
Launcher:	C:\Program Files\Java\jre1.8.0_202\bin\javaw.exe
Launcher args:	-jar "E:\JAVA\SortPartsList\SortPartsListFX\SPLFX\SortPartsListFX.exe"
Args length:	70/32768 chars
Exit code:	0


Version:	3.12
CmdLine:	E:\JAVA\SortPartsList\SortPartsListFX\SPLFX\SortPartsListFX.exe --l4j-debug
WOW64:		yes
Working dir:	E:\JAVA\SortPartsList\SortPartsListFX\SPLFX\.
Java min ver:	1.008.000
Java max ver:	
64-bit search:	SOFTWARE\JavaSoft\Java Runtime Environment...
Check:		SOFTWARE\JavaSoft\Java Runtime Environment\1.8
Check launcher:	C:\Program Files\Java\jre1.8.0_202\bin\javaw.exe (OK)
Match:		1.008.000
Check:		SOFTWARE\JavaSoft\Java Runtime Environment\1.8.0_202
Check launcher:	C:\Program Files\Java\jre1.8.0_202\bin\javaw.exe (OK)
Match:		1.008.000_202
64-bit search:	SOFTWARE\JavaSoft\Java Development Kit...
Check:		SOFTWARE\JavaSoft\Java Development Kit\1.8
Ignore:		1.008.000
Check:		SOFTWARE\JavaSoft\Java Development Kit\1.8.0_202
Ignore:		1.008.000_202
64-bit search:	SOFTWARE\JavaSoft\JRE...
64-bit search:	SOFTWARE\JavaSoft\JDK...
Runtime used:	1.008.000_202 (64-bit)
Launcher:	C:\Program Files\Java\jre1.8.0_202\bin\javaw.exe
Launcher args:	-jar "E:\JAVA\SortPartsList\SortPartsListFX\SPLFX\SortPartsListFX.exe"
Args length:	70/32768 chars
Exit code:	0


Version:	3.12
CmdLine:	E:\JAVA\SortPartsList\SortPartsListFX\SPLFX\SortPartsListFX.exe --l4j-debug
WOW64:		yes
Working dir:	E:\JAVA\SortPartsList\SortPartsListFX\SPLFX\.
Java min ver:	1.008.000
Java max ver:	
64-bit search:	SOFTWARE\JavaSoft\Java Runtime Environment...
Check:		SOFTWARE\JavaSoft\Java Runtime Environment\1.8
Check launcher:	C:\Program Files\Java\jre1.8.0_202\bin\javaw.exe (OK)
Match:		1.008.000
Check:		SOFTWARE\JavaSoft\Java Runtime Environment\1.8.0_202
Check launcher:	C:\Program Files\Java\jre1.8.0_202\bin\javaw.exe (OK)
Match:		1.008.000_202
64-bit search:	SOFTWARE\JavaSoft\Java Development Kit...
Check:		SOFTWARE\JavaSoft\Java Development Kit\1.8
Ignore:		1.008.000
Check:		SOFTWARE\JavaSoft\Java Development Kit\1.8.0_202
Ignore:		1.008.000_202
64-bit search:	SOFTWARE\JavaSoft\JRE...
64-bit search:	SOFTWARE\JavaSoft\JDK...
Runtime used:	1.008.000_202 (64-bit)
Launcher:	C:\Program Files\Java\jre1.8.0_202\bin\javaw.exe
Launcher args:	-jar "E:\JAVA\SortPartsList\SortPartsListFX\SPLFX\SortPartsListFX.exe"
Args length:	70/32768 chars
Exit code:	0


Version:	3.12
CmdLine:	E:\JAVA\SortPartsList\SortPartsListFX\SPLFX\SortPartsListFX.exe --l4j-debug
WOW64:		yes
Working dir:	E:\JAVA\SortPartsList\SortPartsListFX\SPLFX\.
Java min ver:	1.008.000
Java max ver:	
64-bit search:	SOFTWARE\JavaSoft\Java Runtime Environment...
Check:		SOFTWARE\JavaSoft\Java Runtime Environment\1.8
Check launcher:	C:\Program Files\Java\jre1.8.0_202\bin\javaw.exe (OK)
Match:		1.008.000
Check:		SOFTWARE\JavaSoft\Java Runtime Environment\1.8.0_202
Check launcher:	C:\Program Files\Java\jre1.8.0_202\bin\javaw.exe (OK)
Match:		1.008.000_202
64-bit search:	SOFTWARE\JavaSoft\Java Development Kit...
Check:		SOFTWARE\JavaSoft\Java Development Kit\1.8
Ignore:		1.008.000
Check:		SOFTWARE\JavaSoft\Java Development Kit\1.8.0_202
Ignore:		1.008.000_202
64-bit search:	SOFTWARE\JavaSoft\JRE...
64-bit search:	SOFTWARE\JavaSoft\JDK...
Runtime used:	1.008.000_202 (64-bit)
Launcher:	C:\Program Files\Java\jre1.8.0_202\bin\javaw.exe
Launcher args:	-jar "E:\JAVA\SortPartsList\SortPartsListFX\SPLFX\SortPartsListFX.exe"
Args length:	70/32768 chars
Exit code:	0
